<?xml version="1.0" encoding="UTF-8"?>
<!-- Generated by org.testng.reporters.JUnitXMLReporter -->
<testsuite hostname="Jashandeep" ignored="0" name="Default test" tests="7" failures="0" timestamp="29 Oct 2019 15:31:38 GMT" time="115.109" errors="0">
  <testcase name="loginTest" time="1.369" classname="com.aptence.qa.testcases.LoginPageTest"/>
  <testcase name="loginTest" time="1.183" classname="com.aptence.qa.testcases.LoginPageTest"/>
  <testcase name="loginTest" time="1.71" classname="com.aptence.qa.testcases.LoginPageTest"/>
  <testcase name="loginPageTitleTest" time="0.012" classname="com.aptence.qa.testcases.LoginPageTest"/>
  <testcase name="loginPageLogoTest" time="0.038" classname="com.aptence.qa.testcases.LoginPageTest"/>
  <testcase name="loginPagePopUpTest" time="0.441" classname="com.aptence.qa.testcases.LoginPageTest"/>
  <testcase name="loginPageLoginFormTest" time="1.206" classname="com.aptence.qa.testcases.LoginPageTest"/>
</testsuite> <!-- Default test -->
