<?xml version="1.0" encoding="UTF-8"?>
<!-- Generated by org.testng.reporters.JUnitXMLReporter -->
<testsuite hostname="Jashandeep" ignored="0" name="Default test" tests="2" failures="0" timestamp="19 Nov 2019 03:07:28 GMT" time="54.051" errors="0">
  <testcase name="challengeAttempt" time="0.491" classname="com.aptence.qa.testcases.ChallengePageTest"/>
  <testcase name="challengeScore" time="0.033" classname="com.aptence.qa.testcases.ChallengePageTest"/>
</testsuite> <!-- Default test -->
